#-----------------------------------------------------------
# Vivado v2020.1 (64-bit)
# SW Build 2902540 on Wed May 27 19:54:49 MDT 2020
# IP Build 2902112 on Wed May 27 22:43:36 MDT 2020
# Start of session at: Wed Nov 22 16:46:31 2023
# Process ID: 1788
# Current directory: C:/Users/Bits/Downloads/vending_machine_final_new/vending_machine_final_new
# Command line: vivado.exe -gui_launcher_event rodinguilauncherevent3872 C:\Users\Bits\Downloads\vending_machine_final_new\vending_machine_final_new\vending_machine_final_new.xpr
# Log file: C:/Users/Bits/Downloads/vending_machine_final_new/vending_machine_final_new/vivado.log
# Journal file: C:/Users/Bits/Downloads/vending_machine_final_new/vending_machine_final_new\vivado.jou
#-----------------------------------------------------------
start_gui
open_project C:/Users/Bits/Downloads/vending_machine_final_new/vending_machine_final_new/vending_machine_final_new.xpr
Scanning sources...
Finished scanning sources
INFO: [IP_Flow 19-234] Refreshing IP repositories
INFO: [IP_Flow 19-1704] No user IP repositories specified
INFO: [IP_Flow 19-2313] Loaded Vivado IP repository 'C:/Xilinx/Vivado/2020.1/data/ip'.
open_project: Time (s): cpu = 00:00:13 ; elapsed = 00:00:06 . Memory (MB): peak = 1073.453 ; gain = 0.000
update_compile_order -fileset sources_1
exit
INFO: [Common 17-206] Exiting Vivado at Wed Nov 22 16:47:32 2023...
